{"/Users/mark/node-work/nodejs-api/src/app.js": {"path":"/Users/mark/node-work/nodejs-api/src/app.js","statementMap":{"0":{"start":{"line":6,"column":0},"end":{"line":6,"column":10}},"1":{"start":{"line":8,"column":12},"end":{"line":8,"column":21}},"2":{"start":{"line":9,"column":0},"end":{"line":9,"column":24}},"3":{"start":{"line":10,"column":0},"end":{"line":10,"column":16}},"4":{"start":{"line":11,"column":0},"end":{"line":11,"column":79}},"5":{"start":{"line":11,"column":22},"end":{"line":11,"column":77}},"6":{"start":{"line":13,"column":0},"end":{"line":13,"column":18}}},"fnMap":{"0":{"name":"(anonymous_0)","decl":{"start":{"line":11,"column":8},"end":{"line":11,"column":9}},"loc":{"start":{"line":11,"column":22},"end":{"line":11,"column":77}},"line":11}},"branchMap":{},"s":{"0":6,"1":6,"2":6,"3":6,"4":6,"5":5,"6":6},"f":{"0":5},"b":{},"_coverageSchema":"1a1c01bbd47fc00a2c39e90264f33305004495a9","hash":"c1338916c9d278671e9759e309c3a02055ccab2b"}
,"/Users/mark/node-work/nodejs-api/src/controllers/authController.js": {"path":"/Users/mark/node-work/nodejs-api/src/controllers/authController.js","statementMap":{"0":{"start":{"line":7,"column":36},"end":{"line":7,"column":44}},"1":{"start":{"line":8,"column":21},"end":{"line":8,"column":50}},"2":{"start":{"line":9,"column":8},"end":{"line":9,"column":77}},"3":{"start":{"line":9,"column":19},"end":{"line":9,"column":77}},"4":{"start":{"line":10,"column":26},"end":{"line":10,"column":71}},"5":{"start":{"line":11,"column":8},"end":{"line":12,"column":73}},"6":{"start":{"line":12,"column":12},"end":{"line":12,"column":73}},"7":{"start":{"line":13,"column":22},"end":{"line":16,"column":9}},"8":{"start":{"line":17,"column":8},"end":{"line":23,"column":11}}},"fnMap":{"0":{"name":"(anonymous_0)","decl":{"start":{"line":6,"column":4},"end":{"line":6,"column":5}},"loc":{"start":{"line":6,"column":37},"end":{"line":24,"column":5}},"line":6}},"branchMap":{"0":{"loc":{"start":{"line":9,"column":8},"end":{"line":9,"column":77}},"type":"if","locations":[{"start":{"line":9,"column":8},"end":{"line":9,"column":77}},{"start":{},"end":{}}],"line":9},"1":{"loc":{"start":{"line":11,"column":8},"end":{"line":12,"column":73}},"type":"if","locations":[{"start":{"line":11,"column":8},"end":{"line":12,"column":73}},{"start":{},"end":{}}],"line":11}},"s":{"0":57,"1":57,"2":57,"3":1,"4":56,"5":56,"6":1,"7":55,"8":55},"f":{"0":57},"b":{"0":[1,56],"1":[1,55]},"_coverageSchema":"1a1c01bbd47fc00a2c39e90264f33305004495a9","hash":"fc8c7be0f15b61cd20c7e62c27eadda800e7beee"}
,"/Users/mark/node-work/nodejs-api/src/controllers/questionsController.js": {"path":"/Users/mark/node-work/nodejs-api/src/controllers/questionsController.js","statementMap":{"0":{"start":{"line":8,"column":8},"end":{"line":17,"column":9}},"1":{"start":{"line":9,"column":30},"end":{"line":9,"column":51}},"2":{"start":{"line":10,"column":12},"end":{"line":13,"column":65}},"3":{"start":{"line":11,"column":16},"end":{"line":13,"column":65}},"4":{"start":{"line":14,"column":12},"end":{"line":14,"column":51}},"5":{"start":{"line":16,"column":12},"end":{"line":16,"column":58}},"6":{"start":{"line":21,"column":8},"end":{"line":33,"column":9}},"7":{"start":{"line":22,"column":31},"end":{"line":22,"column":39}},"8":{"start":{"line":23,"column":34},"end":{"line":27,"column":14}},"9":{"start":{"line":28,"column":12},"end":{"line":29,"column":79}},"10":{"start":{"line":29,"column":16},"end":{"line":29,"column":79}},"11":{"start":{"line":30,"column":12},"end":{"line":30,"column":55}},"12":{"start":{"line":32,"column":12},"end":{"line":32,"column":58}},"13":{"start":{"line":37,"column":24},"end":{"line":37,"column":72}},"14":{"start":{"line":38,"column":8},"end":{"line":45,"column":9}},"15":{"start":{"line":39,"column":29},"end":{"line":39,"column":67}},"16":{"start":{"line":40,"column":12},"end":{"line":42,"column":64}},"17":{"start":{"line":44,"column":12},"end":{"line":44,"column":58}},"18":{"start":{"line":49,"column":8},"end":{"line":66,"column":9}},"19":{"start":{"line":50,"column":30},"end":{"line":62,"column":14}},"20":{"start":{"line":63,"column":12},"end":{"line":63,"column":51}},"21":{"start":{"line":65,"column":12},"end":{"line":65,"column":58}},"22":{"start":{"line":70,"column":39},"end":{"line":70,"column":47}},"23":{"start":{"line":71,"column":27},"end":{"line":71,"column":35}},"24":{"start":{"line":73,"column":8},"end":{"line":82,"column":9}},"25":{"start":{"line":74,"column":32},"end":{"line":78,"column":14}},"26":{"start":{"line":79,"column":12},"end":{"line":79,"column":53}},"27":{"start":{"line":81,"column":12},"end":{"line":81,"column":53}},"28":{"start":{"line":86,"column":39},"end":{"line":86,"column":47}},"29":{"start":{"line":87,"column":28},"end":{"line":87,"column":38}},"30":{"start":{"line":88,"column":40},"end":{"line":90,"column":9}},"31":{"start":{"line":91,"column":8},"end":{"line":93,"column":9}},"32":{"start":{"line":92,"column":12},"end":{"line":92,"column":41}},"33":{"start":{"line":94,"column":25},"end":{"line":94,"column":71}},"34":{"start":{"line":95,"column":8},"end":{"line":96,"column":67}},"35":{"start":{"line":96,"column":12},"end":{"line":96,"column":67}},"36":{"start":{"line":97,"column":8},"end":{"line":113,"column":9}},"37":{"start":{"line":98,"column":29},"end":{"line":109,"column":13}},"38":{"start":{"line":110,"column":12},"end":{"line":110,"column":50}},"39":{"start":{"line":112,"column":12},"end":{"line":112,"column":58}},"40":{"start":{"line":117,"column":25},"end":{"line":117,"column":71}},"41":{"start":{"line":121,"column":8},"end":{"line":122,"column":67}},"42":{"start":{"line":122,"column":12},"end":{"line":122,"column":67}},"43":{"start":{"line":123,"column":8},"end":{"line":132,"column":9}},"44":{"start":{"line":124,"column":35},"end":{"line":126,"column":14}},"45":{"start":{"line":127,"column":12},"end":{"line":129,"column":71}},"46":{"start":{"line":131,"column":12},"end":{"line":131,"column":58}},"47":{"start":{"line":136,"column":25},"end":{"line":136,"column":71}},"48":{"start":{"line":137,"column":27},"end":{"line":137,"column":35}},"49":{"start":{"line":138,"column":8},"end":{"line":149,"column":9}},"50":{"start":{"line":139,"column":30},"end":{"line":143,"column":14}},"51":{"start":{"line":144,"column":12},"end":{"line":146,"column":71}},"52":{"start":{"line":148,"column":12},"end":{"line":148,"column":58}},"53":{"start":{"line":153,"column":8},"end":{"line":158,"column":9}},"54":{"start":{"line":154,"column":28},"end":{"line":154,"column":76}},"55":{"start":{"line":155,"column":12},"end":{"line":155,"column":53}},"56":{"start":{"line":157,"column":12},"end":{"line":157,"column":58}},"57":{"start":{"line":162,"column":25},"end":{"line":162,"column":71}},"58":{"start":{"line":163,"column":8},"end":{"line":164,"column":75}},"59":{"start":{"line":164,"column":12},"end":{"line":164,"column":75}},"60":{"start":{"line":165,"column":23},"end":{"line":165,"column":68}},"61":{"start":{"line":166,"column":8},"end":{"line":167,"column":73}},"62":{"start":{"line":167,"column":12},"end":{"line":167,"column":73}},"63":{"start":{"line":168,"column":8},"end":{"line":169,"column":67}},"64":{"start":{"line":169,"column":12},"end":{"line":169,"column":67}},"65":{"start":{"line":170,"column":8},"end":{"line":185,"column":9}},"66":{"start":{"line":171,"column":30},"end":{"line":180,"column":13}},"67":{"start":{"line":182,"column":12},"end":{"line":182,"column":51}},"68":{"start":{"line":184,"column":12},"end":{"line":184,"column":58}},"69":{"start":{"line":189,"column":8},"end":{"line":210,"column":9}},"70":{"start":{"line":190,"column":27},"end":{"line":190,"column":72}},"71":{"start":{"line":191,"column":28},"end":{"line":191,"column":42}},"72":{"start":{"line":192,"column":30},"end":{"line":192,"column":46}},"73":{"start":{"line":193,"column":28},"end":{"line":195,"column":13}},"74":{"start":{"line":194,"column":26},"end":{"line":194,"column":50}},"75":{"start":{"line":196,"column":12},"end":{"line":198,"column":13}},"76":{"start":{"line":197,"column":16},"end":{"line":197,"column":78}},"77":{"start":{"line":199,"column":30},"end":{"line":201,"column":13}},"78":{"start":{"line":200,"column":26},"end":{"line":200,"column":50}},"79":{"start":{"line":203,"column":29},"end":{"line":203,"column":66}},"80":{"start":{"line":204,"column":12},"end":{"line":204,"column":72}},"81":{"start":{"line":204,"column":32},"end":{"line":204,"column":72}},"82":{"start":{"line":205,"column":12},"end":{"line":205,"column":51}},"83":{"start":{"line":206,"column":12},"end":{"line":206,"column":28}},"84":{"start":{"line":207,"column":12},"end":{"line":207,"column":50}},"85":{"start":{"line":209,"column":12},"end":{"line":209,"column":58}},"86":{"start":{"line":214,"column":23},"end":{"line":214,"column":68}},"87":{"start":{"line":215,"column":24},"end":{"line":215,"column":38}},"88":{"start":{"line":216,"column":26},"end":{"line":216,"column":42}},"89":{"start":{"line":217,"column":26},"end":{"line":219,"column":9}},"90":{"start":{"line":218,"column":22},"end":{"line":218,"column":46}},"91":{"start":{"line":220,"column":8},"end":{"line":222,"column":9}},"92":{"start":{"line":221,"column":12},"end":{"line":221,"column":74}},"93":{"start":{"line":223,"column":24},"end":{"line":223,"column":77}},"94":{"start":{"line":223,"column":52},"end":{"line":223,"column":76}},"95":{"start":{"line":224,"column":8},"end":{"line":232,"column":9}},"96":{"start":{"line":225,"column":29},"end":{"line":225,"column":66}},"97":{"start":{"line":226,"column":12},"end":{"line":226,"column":66}},"98":{"start":{"line":226,"column":30},"end":{"line":226,"column":66}},"99":{"start":{"line":227,"column":12},"end":{"line":227,"column":53}},"100":{"start":{"line":228,"column":12},"end":{"line":228,"column":28}},"101":{"start":{"line":229,"column":12},"end":{"line":229,"column":50}},"102":{"start":{"line":231,"column":12},"end":{"line":231,"column":58}},"103":{"start":{"line":236,"column":23},"end":{"line":236,"column":68}},"104":{"start":{"line":237,"column":8},"end":{"line":238,"column":73}},"105":{"start":{"line":238,"column":12},"end":{"line":238,"column":73}},"106":{"start":{"line":239,"column":24},"end":{"line":239,"column":38}},"107":{"start":{"line":240,"column":26},"end":{"line":240,"column":42}},"108":{"start":{"line":241,"column":26},"end":{"line":243,"column":9}},"109":{"start":{"line":242,"column":22},"end":{"line":242,"column":46}},"110":{"start":{"line":244,"column":24},"end":{"line":244,"column":77}},"111":{"start":{"line":244,"column":52},"end":{"line":244,"column":76}},"112":{"start":{"line":245,"column":8},"end":{"line":252,"column":9}},"113":{"start":{"line":246,"column":12},"end":{"line":246,"column":46}},"114":{"start":{"line":247,"column":12},"end":{"line":247,"column":50}},"115":{"start":{"line":248,"column":12},"end":{"line":248,"column":26}},"116":{"start":{"line":249,"column":12},"end":{"line":249,"column":48}},"117":{"start":{"line":251,"column":12},"end":{"line":251,"column":58}},"118":{"start":{"line":256,"column":25},"end":{"line":256,"column":71}},"119":{"start":{"line":257,"column":8},"end":{"line":258,"column":75}},"120":{"start":{"line":258,"column":12},"end":{"line":258,"column":75}},"121":{"start":{"line":259,"column":23},"end":{"line":259,"column":68}},"122":{"start":{"line":260,"column":8},"end":{"line":261,"column":73}},"123":{"start":{"line":261,"column":12},"end":{"line":261,"column":73}},"124":{"start":{"line":262,"column":8},"end":{"line":263,"column":67}},"125":{"start":{"line":263,"column":12},"end":{"line":263,"column":67}},"126":{"start":{"line":264,"column":8},"end":{"line":273,"column":9}},"127":{"start":{"line":265,"column":34},"end":{"line":267,"column":14}},"128":{"start":{"line":268,"column":12},"end":{"line":270,"column":69}},"129":{"start":{"line":272,"column":12},"end":{"line":272,"column":58}},"130":{"start":{"line":277,"column":8},"end":{"line":291,"column":9}},"131":{"start":{"line":278,"column":27},"end":{"line":278,"column":72}},"132":{"start":{"line":279,"column":12},"end":{"line":282,"column":19}},"133":{"start":{"line":280,"column":16},"end":{"line":282,"column":19}},"134":{"start":{"line":283,"column":29},"end":{"line":283,"column":77}},"135":{"start":{"line":284,"column":12},"end":{"line":287,"column":19}},"136":{"start":{"line":285,"column":16},"end":{"line":287,"column":19}},"137":{"start":{"line":288,"column":12},"end":{"line":288,"column":80}},"138":{"start":{"line":290,"column":12},"end":{"line":290,"column":58}},"139":{"start":{"line":295,"column":8},"end":{"line":314,"column":9}},"140":{"start":{"line":296,"column":27},"end":{"line":296,"column":72}},"141":{"start":{"line":297,"column":12},"end":{"line":300,"column":19}},"142":{"start":{"line":298,"column":16},"end":{"line":300,"column":19}},"143":{"start":{"line":302,"column":28},"end":{"line":302,"column":74}},"144":{"start":{"line":303,"column":12},"end":{"line":306,"column":19}},"145":{"start":{"line":304,"column":16},"end":{"line":306,"column":19}},"146":{"start":{"line":307,"column":12},"end":{"line":309,"column":67}},"147":{"start":{"line":311,"column":12},"end":{"line":313,"column":15}},"148":{"start":{"line":318,"column":8},"end":{"line":328,"column":9}},"149":{"start":{"line":319,"column":28},"end":{"line":323,"column":14}},"150":{"start":{"line":325,"column":12},"end":{"line":325,"column":49}},"151":{"start":{"line":327,"column":12},"end":{"line":327,"column":58}},"152":{"start":{"line":332,"column":8},"end":{"line":349,"column":9}},"153":{"start":{"line":333,"column":27},"end":{"line":333,"column":73}},"154":{"start":{"line":334,"column":12},"end":{"line":337,"column":65}},"155":{"start":{"line":335,"column":16},"end":{"line":337,"column":65}},"156":{"start":{"line":339,"column":28},"end":{"line":345,"column":13}},"157":{"start":{"line":346,"column":12},"end":{"line":346,"column":49}},"158":{"start":{"line":348,"column":12},"end":{"line":348,"column":58}},"159":{"start":{"line":353,"column":24},"end":{"line":353,"column":70}},"160":{"start":{"line":354,"column":8},"end":{"line":355,"column":74}},"161":{"start":{"line":355,"column":12},"end":{"line":355,"column":74}},"162":{"start":{"line":356,"column":8},"end":{"line":357,"column":67}},"163":{"start":{"line":357,"column":12},"end":{"line":357,"column":67}},"164":{"start":{"line":358,"column":8},"end":{"line":367,"column":9}},"165":{"start":{"line":359,"column":35},"end":{"line":361,"column":14}},"166":{"start":{"line":362,"column":12},"end":{"line":364,"column":70}},"167":{"start":{"line":366,"column":12},"end":{"line":366,"column":58}}},"fnMap":{"0":{"name":"(anonymous_0)","decl":{"start":{"line":7,"column":4},"end":{"line":7,"column":5}},"loc":{"start":{"line":7,"column":43},"end":{"line":18,"column":5}},"line":7},"1":{"name":"(anonymous_1)","decl":{"start":{"line":20,"column":4},"end":{"line":20,"column":5}},"loc":{"start":{"line":20,"column":43},"end":{"line":34,"column":5}},"line":20},"2":{"name":"(anonymous_2)","decl":{"start":{"line":36,"column":4},"end":{"line":36,"column":5}},"loc":{"start":{"line":36,"column":39},"end":{"line":46,"column":5}},"line":36},"3":{"name":"(anonymous_3)","decl":{"start":{"line":48,"column":4},"end":{"line":48,"column":5}},"loc":{"start":{"line":48,"column":52},"end":{"line":67,"column":5}},"line":48},"4":{"name":"(anonymous_4)","decl":{"start":{"line":69,"column":4},"end":{"line":69,"column":5}},"loc":{"start":{"line":69,"column":40},"end":{"line":83,"column":5}},"line":69},"5":{"name":"(anonymous_5)","decl":{"start":{"line":85,"column":4},"end":{"line":85,"column":5}},"loc":{"start":{"line":85,"column":42},"end":{"line":114,"column":5}},"line":85},"6":{"name":"(anonymous_6)","decl":{"start":{"line":116,"column":4},"end":{"line":116,"column":5}},"loc":{"start":{"line":116,"column":42},"end":{"line":133,"column":5}},"line":116},"7":{"name":"(anonymous_7)","decl":{"start":{"line":135,"column":4},"end":{"line":135,"column":5}},"loc":{"start":{"line":135,"column":38},"end":{"line":150,"column":5}},"line":135},"8":{"name":"(anonymous_8)","decl":{"start":{"line":152,"column":4},"end":{"line":152,"column":5}},"loc":{"start":{"line":152,"column":38},"end":{"line":159,"column":5}},"line":152},"9":{"name":"(anonymous_9)","decl":{"start":{"line":161,"column":4},"end":{"line":161,"column":5}},"loc":{"start":{"line":161,"column":40},"end":{"line":186,"column":5}},"line":161},"10":{"name":"(anonymous_10)","decl":{"start":{"line":188,"column":4},"end":{"line":188,"column":5}},"loc":{"start":{"line":188,"column":34},"end":{"line":211,"column":5}},"line":188},"11":{"name":"(anonymous_11)","decl":{"start":{"line":194,"column":16},"end":{"line":194,"column":17}},"loc":{"start":{"line":194,"column":26},"end":{"line":194,"column":50}},"line":194},"12":{"name":"(anonymous_12)","decl":{"start":{"line":200,"column":16},"end":{"line":200,"column":17}},"loc":{"start":{"line":200,"column":26},"end":{"line":200,"column":50}},"line":200},"13":{"name":"(anonymous_13)","decl":{"start":{"line":213,"column":4},"end":{"line":213,"column":5}},"loc":{"start":{"line":213,"column":36},"end":{"line":233,"column":5}},"line":213},"14":{"name":"(anonymous_14)","decl":{"start":{"line":218,"column":12},"end":{"line":218,"column":13}},"loc":{"start":{"line":218,"column":22},"end":{"line":218,"column":46}},"line":218},"15":{"name":"(anonymous_15)","decl":{"start":{"line":223,"column":42},"end":{"line":223,"column":43}},"loc":{"start":{"line":223,"column":52},"end":{"line":223,"column":76}},"line":223},"16":{"name":"(anonymous_16)","decl":{"start":{"line":235,"column":4},"end":{"line":235,"column":5}},"loc":{"start":{"line":235,"column":37},"end":{"line":253,"column":5}},"line":235},"17":{"name":"(anonymous_17)","decl":{"start":{"line":242,"column":12},"end":{"line":242,"column":13}},"loc":{"start":{"line":242,"column":22},"end":{"line":242,"column":46}},"line":242},"18":{"name":"(anonymous_18)","decl":{"start":{"line":244,"column":42},"end":{"line":244,"column":43}},"loc":{"start":{"line":244,"column":52},"end":{"line":244,"column":76}},"line":244},"19":{"name":"(anonymous_19)","decl":{"start":{"line":255,"column":4},"end":{"line":255,"column":5}},"loc":{"start":{"line":255,"column":40},"end":{"line":274,"column":5}},"line":255},"20":{"name":"(anonymous_20)","decl":{"start":{"line":276,"column":4},"end":{"line":276,"column":5}},"loc":{"start":{"line":276,"column":39},"end":{"line":292,"column":5}},"line":276},"21":{"name":"(anonymous_21)","decl":{"start":{"line":294,"column":4},"end":{"line":294,"column":5}},"loc":{"start":{"line":294,"column":39},"end":{"line":315,"column":5}},"line":294},"22":{"name":"(anonymous_22)","decl":{"start":{"line":317,"column":4},"end":{"line":317,"column":5}},"loc":{"start":{"line":317,"column":39},"end":{"line":329,"column":5}},"line":317},"23":{"name":"(anonymous_23)","decl":{"start":{"line":331,"column":4},"end":{"line":331,"column":5}},"loc":{"start":{"line":331,"column":41},"end":{"line":350,"column":5}},"line":331},"24":{"name":"(anonymous_24)","decl":{"start":{"line":352,"column":4},"end":{"line":352,"column":5}},"loc":{"start":{"line":352,"column":42},"end":{"line":368,"column":5}},"line":352}},"branchMap":{"0":{"loc":{"start":{"line":10,"column":12},"end":{"line":13,"column":65}},"type":"if","locations":[{"start":{"line":10,"column":12},"end":{"line":13,"column":65}},{"start":{},"end":{}}],"line":10},"1":{"loc":{"start":{"line":28,"column":12},"end":{"line":29,"column":79}},"type":"if","locations":[{"start":{"line":28,"column":12},"end":{"line":29,"column":79}},{"start":{},"end":{}}],"line":28},"2":{"loc":{"start":{"line":91,"column":8},"end":{"line":93,"column":9}},"type":"if","locations":[{"start":{"line":91,"column":8},"end":{"line":93,"column":9}},{"start":{},"end":{}}],"line":91},"3":{"loc":{"start":{"line":95,"column":8},"end":{"line":96,"column":67}},"type":"if","locations":[{"start":{"line":95,"column":8},"end":{"line":96,"column":67}},{"start":{},"end":{}}],"line":95},"4":{"loc":{"start":{"line":121,"column":8},"end":{"line":122,"column":67}},"type":"if","locations":[{"start":{"line":121,"column":8},"end":{"line":122,"column":67}},{"start":{},"end":{}}],"line":121},"5":{"loc":{"start":{"line":163,"column":8},"end":{"line":164,"column":75}},"type":"if","locations":[{"start":{"line":163,"column":8},"end":{"line":164,"column":75}},{"start":{},"end":{}}],"line":163},"6":{"loc":{"start":{"line":166,"column":8},"end":{"line":167,"column":73}},"type":"if","locations":[{"start":{"line":166,"column":8},"end":{"line":167,"column":73}},{"start":{},"end":{}}],"line":166},"7":{"loc":{"start":{"line":168,"column":8},"end":{"line":169,"column":67}},"type":"if","locations":[{"start":{"line":168,"column":8},"end":{"line":169,"column":67}},{"start":{},"end":{}}],"line":168},"8":{"loc":{"start":{"line":196,"column":12},"end":{"line":198,"column":13}},"type":"if","locations":[{"start":{"line":196,"column":12},"end":{"line":198,"column":13}},{"start":{},"end":{}}],"line":196},"9":{"loc":{"start":{"line":204,"column":12},"end":{"line":204,"column":72}},"type":"if","locations":[{"start":{"line":204,"column":12},"end":{"line":204,"column":72}},{"start":{},"end":{}}],"line":204},"10":{"loc":{"start":{"line":220,"column":8},"end":{"line":222,"column":9}},"type":"if","locations":[{"start":{"line":220,"column":8},"end":{"line":222,"column":9}},{"start":{},"end":{}}],"line":220},"11":{"loc":{"start":{"line":226,"column":12},"end":{"line":226,"column":66}},"type":"if","locations":[{"start":{"line":226,"column":12},"end":{"line":226,"column":66}},{"start":{},"end":{}}],"line":226},"12":{"loc":{"start":{"line":237,"column":8},"end":{"line":238,"column":73}},"type":"if","locations":[{"start":{"line":237,"column":8},"end":{"line":238,"column":73}},{"start":{},"end":{}}],"line":237},"13":{"loc":{"start":{"line":257,"column":8},"end":{"line":258,"column":75}},"type":"if","locations":[{"start":{"line":257,"column":8},"end":{"line":258,"column":75}},{"start":{},"end":{}}],"line":257},"14":{"loc":{"start":{"line":260,"column":8},"end":{"line":261,"column":73}},"type":"if","locations":[{"start":{"line":260,"column":8},"end":{"line":261,"column":73}},{"start":{},"end":{}}],"line":260},"15":{"loc":{"start":{"line":262,"column":8},"end":{"line":263,"column":67}},"type":"if","locations":[{"start":{"line":262,"column":8},"end":{"line":263,"column":67}},{"start":{},"end":{}}],"line":262},"16":{"loc":{"start":{"line":279,"column":12},"end":{"line":282,"column":19}},"type":"if","locations":[{"start":{"line":279,"column":12},"end":{"line":282,"column":19}},{"start":{},"end":{}}],"line":279},"17":{"loc":{"start":{"line":284,"column":12},"end":{"line":287,"column":19}},"type":"if","locations":[{"start":{"line":284,"column":12},"end":{"line":287,"column":19}},{"start":{},"end":{}}],"line":284},"18":{"loc":{"start":{"line":297,"column":12},"end":{"line":300,"column":19}},"type":"if","locations":[{"start":{"line":297,"column":12},"end":{"line":300,"column":19}},{"start":{},"end":{}}],"line":297},"19":{"loc":{"start":{"line":303,"column":12},"end":{"line":306,"column":19}},"type":"if","locations":[{"start":{"line":303,"column":12},"end":{"line":306,"column":19}},{"start":{},"end":{}}],"line":303},"20":{"loc":{"start":{"line":334,"column":12},"end":{"line":337,"column":65}},"type":"if","locations":[{"start":{"line":334,"column":12},"end":{"line":337,"column":65}},{"start":{},"end":{}}],"line":334},"21":{"loc":{"start":{"line":354,"column":8},"end":{"line":355,"column":74}},"type":"if","locations":[{"start":{"line":354,"column":8},"end":{"line":355,"column":74}},{"start":{},"end":{}}],"line":354},"22":{"loc":{"start":{"line":356,"column":8},"end":{"line":357,"column":67}},"type":"if","locations":[{"start":{"line":356,"column":8},"end":{"line":357,"column":67}},{"start":{},"end":{}}],"line":356}},"s":{"0":2,"1":2,"2":2,"3":1,"4":1,"5":0,"6":2,"7":2,"8":2,"9":2,"10":1,"11":1,"12":0,"13":1,"14":1,"15":1,"16":1,"17":0,"18":1,"19":1,"20":1,"21":0,"22":1,"23":1,"24":1,"25":1,"26":1,"27":0,"28":2,"29":2,"30":2,"31":2,"32":0,"33":2,"34":2,"35":1,"36":1,"37":1,"38":1,"39":0,"40":2,"41":2,"42":1,"43":1,"44":1,"45":1,"46":0,"47":1,"48":1,"49":1,"50":1,"51":1,"52":0,"53":1,"54":1,"55":1,"56":0,"57":4,"58":4,"59":1,"60":3,"61":3,"62":1,"63":2,"64":1,"65":1,"66":1,"67":1,"68":0,"69":2,"70":2,"71":2,"72":2,"73":2,"74":3,"75":2,"76":1,"77":1,"78":2,"79":1,"80":1,"81":0,"82":1,"83":1,"84":1,"85":0,"86":2,"87":2,"88":2,"89":2,"90":3,"91":2,"92":1,"93":1,"94":1,"95":1,"96":1,"97":1,"98":1,"99":1,"100":1,"101":1,"102":0,"103":2,"104":2,"105":1,"106":1,"107":1,"108":1,"109":2,"110":1,"111":1,"112":1,"113":1,"114":1,"115":1,"116":1,"117":0,"118":4,"119":4,"120":1,"121":3,"122":3,"123":1,"124":2,"125":1,"126":1,"127":1,"128":1,"129":0,"130":3,"131":3,"132":3,"133":1,"134":2,"135":2,"136":1,"137":1,"138":0,"139":3,"140":3,"141":3,"142":1,"143":2,"144":2,"145":1,"146":1,"147":0,"148":1,"149":1,"150":1,"151":0,"152":2,"153":2,"154":2,"155":1,"156":1,"157":1,"158":0,"159":2,"160":2,"161":0,"162":2,"163":1,"164":1,"165":1,"166":1,"167":0},"f":{"0":2,"1":2,"2":1,"3":1,"4":1,"5":2,"6":2,"7":1,"8":1,"9":4,"10":2,"11":3,"12":2,"13":2,"14":3,"15":1,"16":2,"17":2,"18":1,"19":4,"20":3,"21":3,"22":1,"23":2,"24":2},"b":{"0":[1,1],"1":[1,1],"2":[0,2],"3":[1,1],"4":[1,1],"5":[1,3],"6":[1,2],"7":[1,1],"8":[1,1],"9":[0,1],"10":[1,1],"11":[1,0],"12":[1,1],"13":[1,3],"14":[1,2],"15":[1,1],"16":[1,2],"17":[1,1],"18":[1,2],"19":[1,1],"20":[1,1],"21":[0,2],"22":[1,1]},"_coverageSchema":"1a1c01bbd47fc00a2c39e90264f33305004495a9","hash":"3731ac920e95bd8c2b176a9393eaf04bbf82dea8"}
,"/Users/mark/node-work/nodejs-api/src/controllers/usersController.js": {"path":"/Users/mark/node-work/nodejs-api/src/controllers/usersController.js","statementMap":{"0":{"start":{"line":15,"column":46},"end":{"line":15,"column":54}},"1":{"start":{"line":17,"column":31},"end":{"line":17,"column":63}},"2":{"start":{"line":18,"column":8},"end":{"line":19,"column":80}},"3":{"start":{"line":19,"column":12},"end":{"line":19,"column":80}},"4":{"start":{"line":21,"column":28},"end":{"line":21,"column":57}},"5":{"start":{"line":22,"column":8},"end":{"line":23,"column":77}},"6":{"start":{"line":23,"column":12},"end":{"line":23,"column":77}},"7":{"start":{"line":25,"column":21},"end":{"line":25,"column":45}},"8":{"start":{"line":26,"column":27},"end":{"line":26,"column":60}},"9":{"start":{"line":28,"column":8},"end":{"line":44,"column":9}},"10":{"start":{"line":29,"column":25},"end":{"line":34,"column":14}},"11":{"start":{"line":35,"column":12},"end":{"line":41,"column":15}},"12":{"start":{"line":43,"column":12},"end":{"line":43,"column":58}},"13":{"start":{"line":55,"column":8},"end":{"line":60,"column":9}},"14":{"start":{"line":56,"column":30},"end":{"line":56,"column":76}},"15":{"start":{"line":57,"column":12},"end":{"line":57,"column":51}},"16":{"start":{"line":59,"column":12},"end":{"line":59,"column":58}}},"fnMap":{"0":{"name":"(anonymous_0)","decl":{"start":{"line":14,"column":4},"end":{"line":14,"column":5}},"loc":{"start":{"line":14,"column":40},"end":{"line":45,"column":5}},"line":14},"1":{"name":"(anonymous_1)","decl":{"start":{"line":54,"column":4},"end":{"line":54,"column":5}},"loc":{"start":{"line":54,"column":47},"end":{"line":61,"column":5}},"line":54}},"branchMap":{"0":{"loc":{"start":{"line":18,"column":8},"end":{"line":19,"column":80}},"type":"if","locations":[{"start":{"line":18,"column":8},"end":{"line":19,"column":80}},{"start":{},"end":{}}],"line":18},"1":{"loc":{"start":{"line":22,"column":8},"end":{"line":23,"column":77}},"type":"if","locations":[{"start":{"line":22,"column":8},"end":{"line":23,"column":77}},{"start":{},"end":{}}],"line":22}},"s":{"0":3,"1":3,"2":3,"3":1,"4":2,"5":2,"6":1,"7":1,"8":1,"9":1,"10":1,"11":1,"12":0,"13":1,"14":1,"15":1,"16":0},"f":{"0":3,"1":1},"b":{"0":[1,2],"1":[1,1]},"_coverageSchema":"1a1c01bbd47fc00a2c39e90264f33305004495a9","hash":"25cd71f49b2243e60f6015a96533de2d651438bf"}
,"/Users/mark/node-work/nodejs-api/src/db/database.js": {"path":"/Users/mark/node-work/nodejs-api/src/db/database.js","statementMap":{"0":{"start":{"line":3,"column":22},"end":{"line":3,"column":33}},"1":{"start":{"line":7,"column":4},"end":{"line":16,"column":11}},"2":{"start":{"line":10,"column":12},"end":{"line":10,"column":62}},"3":{"start":{"line":13,"column":12},"end":{"line":13,"column":70}},"4":{"start":{"line":14,"column":12},"end":{"line":14,"column":33}},"5":{"start":{"line":15,"column":12},"end":{"line":15,"column":28}}},"fnMap":{"0":{"name":"connect","decl":{"start":{"line":5,"column":9},"end":{"line":5,"column":16}},"loc":{"start":{"line":5,"column":19},"end":{"line":17,"column":1}},"line":5},"1":{"name":"(anonymous_1)","decl":{"start":{"line":9,"column":14},"end":{"line":9,"column":15}},"loc":{"start":{"line":9,"column":20},"end":{"line":11,"column":9}},"line":9},"2":{"name":"(anonymous_2)","decl":{"start":{"line":12,"column":15},"end":{"line":12,"column":16}},"loc":{"start":{"line":12,"column":26},"end":{"line":16,"column":9}},"line":12}},"branchMap":{},"s":{"0":6,"1":6,"2":5,"3":0,"4":0,"5":0},"f":{"0":6,"1":5,"2":0},"b":{},"_coverageSchema":"1a1c01bbd47fc00a2c39e90264f33305004495a9","hash":"f9949e9933b1ded744fc5f63c849d97b67d259c6"}
,"/Users/mark/node-work/nodejs-api/src/middleware/verfiyToken.js": {"path":"/Users/mark/node-work/nodejs-api/src/middleware/verfiyToken.js","statementMap":{"0":{"start":{"line":5,"column":18},"end":{"line":5,"column":42}},"1":{"start":{"line":6,"column":4},"end":{"line":6,"column":74}},"2":{"start":{"line":6,"column":16},"end":{"line":6,"column":74}},"3":{"start":{"line":8,"column":4},"end":{"line":14,"column":5}},"4":{"start":{"line":9,"column":25},"end":{"line":9,"column":68}},"5":{"start":{"line":10,"column":8},"end":{"line":10,"column":28}},"6":{"start":{"line":11,"column":8},"end":{"line":11,"column":15}},"7":{"start":{"line":13,"column":8},"end":{"line":13,"column":53}}},"fnMap":{"0":{"name":"(anonymous_0)","decl":{"start":{"line":4,"column":15},"end":{"line":4,"column":16}},"loc":{"start":{"line":4,"column":41},"end":{"line":15,"column":1}},"line":4}},"branchMap":{"0":{"loc":{"start":{"line":6,"column":4},"end":{"line":6,"column":74}},"type":"if","locations":[{"start":{"line":6,"column":4},"end":{"line":6,"column":74}},{"start":{},"end":{}}],"line":6}},"s":{"0":36,"1":36,"2":11,"3":25,"4":25,"5":25,"6":25,"7":0},"f":{"0":36},"b":{"0":[11,25]},"_coverageSchema":"1a1c01bbd47fc00a2c39e90264f33305004495a9","hash":"da3f6f420c67c5b16bfac3c4d6111cc969d525d2"}
,"/Users/mark/node-work/nodejs-api/src/models/Answers.js": {"path":"/Users/mark/node-work/nodejs-api/src/models/Answers.js","statementMap":{},"fnMap":{},"branchMap":{},"s":{},"f":{},"b":{},"_coverageSchema":"1a1c01bbd47fc00a2c39e90264f33305004495a9","hash":"885ec2c8117c3463ab71063778cbcfee33425aff"}
,"/Users/mark/node-work/nodejs-api/src/models/Comments.js": {"path":"/Users/mark/node-work/nodejs-api/src/models/Comments.js","statementMap":{},"fnMap":{},"branchMap":{},"s":{},"f":{},"b":{},"_coverageSchema":"1a1c01bbd47fc00a2c39e90264f33305004495a9","hash":"04026bfcd7eedd371952fa95417903486c3945f5"}
,"/Users/mark/node-work/nodejs-api/src/models/Questions.js": {"path":"/Users/mark/node-work/nodejs-api/src/models/Questions.js","statementMap":{},"fnMap":{},"branchMap":{},"s":{},"f":{},"b":{},"_coverageSchema":"1a1c01bbd47fc00a2c39e90264f33305004495a9","hash":"9cb11f4b10b32892290554508a66d5af6ee0b783"}
,"/Users/mark/node-work/nodejs-api/src/models/Users.js": {"path":"/Users/mark/node-work/nodejs-api/src/models/Users.js","statementMap":{},"fnMap":{},"branchMap":{},"s":{},"f":{},"b":{},"_coverageSchema":"1a1c01bbd47fc00a2c39e90264f33305004495a9","hash":"6c10491fbfe19109030fec3676a830bc81b19cfa"}
,"/Users/mark/node-work/nodejs-api/src/models/schemas/answersSchema.js": {"path":"/Users/mark/node-work/nodejs-api/src/models/schemas/answersSchema.js","statementMap":{"0":{"start":{"line":3,"column":22},"end":{"line":11,"column":2}}},"fnMap":{},"branchMap":{},"s":{"0":6},"f":{},"b":{},"_coverageSchema":"1a1c01bbd47fc00a2c39e90264f33305004495a9","hash":"e381f1d25145d5875d6fe053c20d94b725d9c334"}
,"/Users/mark/node-work/nodejs-api/src/models/schemas/commentsSchema.js": {"path":"/Users/mark/node-work/nodejs-api/src/models/schemas/commentsSchema.js","statementMap":{"0":{"start":{"line":3,"column":23},"end":{"line":8,"column":2}}},"fnMap":{},"branchMap":{},"s":{"0":6},"f":{},"b":{},"_coverageSchema":"1a1c01bbd47fc00a2c39e90264f33305004495a9","hash":"34d53ceba2e87d154cc1277b5361f2a5a57e06cd"}
,"/Users/mark/node-work/nodejs-api/src/models/schemas/questionsSchema.js": {"path":"/Users/mark/node-work/nodejs-api/src/models/schemas/questionsSchema.js","statementMap":{"0":{"start":{"line":3,"column":24},"end":{"line":10,"column":2}},"1":{"start":{"line":11,"column":0},"end":{"line":11,"column":41}}},"fnMap":{},"branchMap":{},"s":{"0":6,"1":6},"f":{},"b":{},"_coverageSchema":"1a1c01bbd47fc00a2c39e90264f33305004495a9","hash":"3cb58d9a6757ed5fb70c409e5af69dcfeedb95ed"}
,"/Users/mark/node-work/nodejs-api/src/models/schemas/usersSchema.js": {"path":"/Users/mark/node-work/nodejs-api/src/models/schemas/usersSchema.js","statementMap":{"0":{"start":{"line":3,"column":19},"end":{"line":13,"column":2}}},"fnMap":{},"branchMap":{},"s":{"0":6},"f":{},"b":{},"_coverageSchema":"1a1c01bbd47fc00a2c39e90264f33305004495a9","hash":"449f22ea3a25ea53b4b64c340917d5a32f7d7891"}
,"/Users/mark/node-work/nodejs-api/src/routes/index.js": {"path":"/Users/mark/node-work/nodejs-api/src/routes/index.js","statementMap":{"0":{"start":{"line":4,"column":15},"end":{"line":4,"column":23}},"1":{"start":{"line":6,"column":0},"end":{"line":6,"column":30}}},"fnMap":{},"branchMap":{},"s":{"0":6,"1":6},"f":{},"b":{},"_coverageSchema":"1a1c01bbd47fc00a2c39e90264f33305004495a9","hash":"227961b90f9aaaa6712282a892229b192de80071"}
,"/Users/mark/node-work/nodejs-api/src/routes/api-v1/auth.js": {"path":"/Users/mark/node-work/nodejs-api/src/routes/api-v1/auth.js","statementMap":{"0":{"start":{"line":5,"column":15},"end":{"line":5,"column":23}},"1":{"start":{"line":7,"column":0},"end":{"line":16,"column":2}}},"fnMap":{},"branchMap":{},"s":{"0":6,"1":6},"f":{},"b":{},"_coverageSchema":"1a1c01bbd47fc00a2c39e90264f33305004495a9","hash":"eec11911ea7fc44a6161c91302dafca4c23f0dc6"}
,"/Users/mark/node-work/nodejs-api/src/routes/api-v1/index.js": {"path":"/Users/mark/node-work/nodejs-api/src/routes/api-v1/index.js","statementMap":{"0":{"start":{"line":6,"column":15},"end":{"line":6,"column":23}},"1":{"start":{"line":8,"column":0},"end":{"line":8,"column":26}},"2":{"start":{"line":9,"column":0},"end":{"line":9,"column":36}},"3":{"start":{"line":10,"column":0},"end":{"line":10,"column":28}}},"fnMap":{},"branchMap":{},"s":{"0":6,"1":6,"2":6,"3":6},"f":{},"b":{},"_coverageSchema":"1a1c01bbd47fc00a2c39e90264f33305004495a9","hash":"378aeda321cd1075730449640927ed87c444704f"}
,"/Users/mark/node-work/nodejs-api/src/routes/api-v1/questions.js": {"path":"/Users/mark/node-work/nodejs-api/src/routes/api-v1/questions.js","statementMap":{"0":{"start":{"line":6,"column":15},"end":{"line":6,"column":23}},"1":{"start":{"line":8,"column":0},"end":{"line":8,"column":53}},"2":{"start":{"line":9,"column":0},"end":{"line":9,"column":52}},"3":{"start":{"line":10,"column":0},"end":{"line":10,"column":61}},"4":{"start":{"line":11,"column":0},"end":{"line":11,"column":67}},"5":{"start":{"line":12,"column":0},"end":{"line":22,"column":2}},"6":{"start":{"line":23,"column":0},"end":{"line":34,"column":2}},"7":{"start":{"line":36,"column":0},"end":{"line":36,"column":66}},"8":{"start":{"line":38,"column":0},"end":{"line":47,"column":2}},"9":{"start":{"line":49,"column":0},"end":{"line":49,"column":59}},"10":{"start":{"line":51,"column":0},"end":{"line":60,"column":2}},"11":{"start":{"line":62,"column":0},"end":{"line":62,"column":77}},"12":{"start":{"line":64,"column":0},"end":{"line":68,"column":2}},"13":{"start":{"line":70,"column":0},"end":{"line":70,"column":77}},"14":{"start":{"line":72,"column":0},"end":{"line":76,"column":2}},"15":{"start":{"line":78,"column":0},"end":{"line":78,"column":74}},"16":{"start":{"line":80,"column":0},"end":{"line":89,"column":2}},"17":{"start":{"line":91,"column":0},"end":{"line":91,"column":79}},"18":{"start":{"line":93,"column":0},"end":{"line":102,"column":2}},"19":{"start":{"line":104,"column":0},"end":{"line":108,"column":2}}},"fnMap":{},"branchMap":{},"s":{"0":6,"1":6,"2":6,"3":6,"4":6,"5":6,"6":6,"7":6,"8":6,"9":6,"10":6,"11":6,"12":6,"13":6,"14":6,"15":6,"16":6,"17":6,"18":6,"19":6},"f":{},"b":{},"_coverageSchema":"1a1c01bbd47fc00a2c39e90264f33305004495a9","hash":"eb4bce541640e00433a2058687b88d4236420e02"}
,"/Users/mark/node-work/nodejs-api/src/routes/api-v1/users.js": {"path":"/Users/mark/node-work/nodejs-api/src/routes/api-v1/users.js","statementMap":{"0":{"start":{"line":6,"column":15},"end":{"line":6,"column":23}},"1":{"start":{"line":10,"column":0},"end":{"line":20,"column":2}},"2":{"start":{"line":30,"column":0},"end":{"line":30,"column":66}}},"fnMap":{},"branchMap":{},"s":{"0":6,"1":6,"2":6},"f":{},"b":{},"_coverageSchema":"1a1c01bbd47fc00a2c39e90264f33305004495a9","hash":"ce5af076a21bd357d050b74cbc90266354182738"}
,"/Users/mark/node-work/nodejs-api/src/tests/testData/answersTestData.js": {"path":"/Users/mark/node-work/nodejs-api/src/tests/testData/answersTestData.js","statementMap":{"0":{"start":{"line":4,"column":41},"end":{"line":4,"column":45}},"1":{"start":{"line":5,"column":59},"end":{"line":5,"column":63}},"2":{"start":{"line":6,"column":36},"end":{"line":6,"column":40}},"3":{"start":{"line":9,"column":24},"end":{"line":74,"column":5}},"4":{"start":{"line":75,"column":4},"end":{"line":75,"column":42}},"5":{"start":{"line":78,"column":4},"end":{"line":78,"column":33}}},"fnMap":{"0":{"name":"createAnswers","decl":{"start":{"line":8,"column":15},"end":{"line":8,"column":28}},"loc":{"start":{"line":8,"column":31},"end":{"line":76,"column":1}},"line":8},"1":{"name":"deleteAnswers","decl":{"start":{"line":77,"column":15},"end":{"line":77,"column":28}},"loc":{"start":{"line":77,"column":31},"end":{"line":79,"column":1}},"line":77}},"branchMap":{},"s":{"0":3,"1":3,"2":3,"3":50,"4":50,"5":50},"f":{"0":50,"1":50},"b":{},"_coverageSchema":"1a1c01bbd47fc00a2c39e90264f33305004495a9","hash":"a91cd6a45916a04a0b4612c72059941e31866203"}
,"/Users/mark/node-work/nodejs-api/src/tests/testData/commentsTestData.js": {"path":"/Users/mark/node-work/nodejs-api/src/tests/testData/commentsTestData.js","statementMap":{"0":{"start":{"line":4,"column":41},"end":{"line":4,"column":45}},"1":{"start":{"line":5,"column":47},"end":{"line":5,"column":51}},"2":{"start":{"line":21,"column":4},"end":{"line":21,"column":8}},"3":{"start":{"line":23,"column":25},"end":{"line":102,"column":5}},"4":{"start":{"line":103,"column":4},"end":{"line":103,"column":44}},"5":{"start":{"line":106,"column":4},"end":{"line":106,"column":34}}},"fnMap":{"0":{"name":"createComments","decl":{"start":{"line":22,"column":15},"end":{"line":22,"column":29}},"loc":{"start":{"line":22,"column":32},"end":{"line":104,"column":1}},"line":22},"1":{"name":"deleteComments","decl":{"start":{"line":105,"column":15},"end":{"line":105,"column":29}},"loc":{"start":{"line":105,"column":32},"end":{"line":107,"column":1}},"line":105}},"branchMap":{},"s":{"0":1,"1":1,"2":1,"3":14,"4":14,"5":14},"f":{"0":14,"1":14},"b":{},"_coverageSchema":"1a1c01bbd47fc00a2c39e90264f33305004495a9","hash":"8885fc478533343b2e263a8fee1e365d439a0483"}
,"/Users/mark/node-work/nodejs-api/src/tests/testData/dataIds.js": {"path":"/Users/mark/node-work/nodejs-api/src/tests/testData/dataIds.js","statementMap":{"0":{"start":{"line":3,"column":12},"end":{"line":3,"column":41}},"1":{"start":{"line":4,"column":12},"end":{"line":4,"column":41}},"2":{"start":{"line":5,"column":12},"end":{"line":5,"column":41}},"3":{"start":{"line":6,"column":12},"end":{"line":6,"column":41}},"4":{"start":{"line":7,"column":12},"end":{"line":7,"column":41}},"5":{"start":{"line":8,"column":12},"end":{"line":8,"column":41}},"6":{"start":{"line":10,"column":13},"end":{"line":10,"column":42}},"7":{"start":{"line":11,"column":13},"end":{"line":11,"column":42}},"8":{"start":{"line":12,"column":13},"end":{"line":12,"column":42}},"9":{"start":{"line":13,"column":13},"end":{"line":13,"column":42}},"10":{"start":{"line":14,"column":13},"end":{"line":14,"column":42}},"11":{"start":{"line":16,"column":13},"end":{"line":16,"column":42}},"12":{"start":{"line":17,"column":13},"end":{"line":17,"column":42}},"13":{"start":{"line":18,"column":13},"end":{"line":18,"column":42}},"14":{"start":{"line":19,"column":13},"end":{"line":19,"column":42}},"15":{"start":{"line":20,"column":13},"end":{"line":20,"column":42}},"16":{"start":{"line":21,"column":13},"end":{"line":21,"column":42}},"17":{"start":{"line":22,"column":13},"end":{"line":22,"column":42}},"18":{"start":{"line":23,"column":13},"end":{"line":23,"column":42}},"19":{"start":{"line":24,"column":13},"end":{"line":24,"column":42}},"20":{"start":{"line":26,"column":13},"end":{"line":26,"column":42}},"21":{"start":{"line":27,"column":13},"end":{"line":27,"column":42}},"22":{"start":{"line":28,"column":13},"end":{"line":28,"column":42}},"23":{"start":{"line":29,"column":13},"end":{"line":29,"column":42}},"24":{"start":{"line":30,"column":13},"end":{"line":30,"column":42}},"25":{"start":{"line":31,"column":13},"end":{"line":31,"column":42}},"26":{"start":{"line":32,"column":13},"end":{"line":32,"column":42}},"27":{"start":{"line":33,"column":13},"end":{"line":33,"column":42}},"28":{"start":{"line":34,"column":13},"end":{"line":34,"column":42}},"29":{"start":{"line":35,"column":14},"end":{"line":35,"column":43}},"30":{"start":{"line":36,"column":14},"end":{"line":36,"column":43}},"31":{"start":{"line":37,"column":14},"end":{"line":37,"column":43}},"32":{"start":{"line":38,"column":14},"end":{"line":38,"column":43}},"33":{"start":{"line":39,"column":14},"end":{"line":39,"column":43}},"34":{"start":{"line":41,"column":13},"end":{"line":41,"column":45}},"35":{"start":{"line":42,"column":13},"end":{"line":42,"column":45}},"36":{"start":{"line":43,"column":13},"end":{"line":43,"column":69}},"37":{"start":{"line":44,"column":13},"end":{"line":59,"column":1}}},"fnMap":{},"branchMap":{},"s":{"0":5,"1":5,"2":5,"3":5,"4":5,"5":5,"6":5,"7":5,"8":5,"9":5,"10":5,"11":5,"12":5,"13":5,"14":5,"15":5,"16":5,"17":5,"18":5,"19":5,"20":5,"21":5,"22":5,"23":5,"24":5,"25":5,"26":5,"27":5,"28":5,"29":5,"30":5,"31":5,"32":5,"33":5,"34":5,"35":5,"36":5,"37":5},"f":{},"b":{},"_coverageSchema":"1a1c01bbd47fc00a2c39e90264f33305004495a9","hash":"7aa38f688862044545404d91809e5b77726e22f5"}
,"/Users/mark/node-work/nodejs-api/src/tests/testData/questionsTestData.js": {"path":"/Users/mark/node-work/nodejs-api/src/tests/testData/questionsTestData.js","statementMap":{"0":{"start":{"line":4,"column":41},"end":{"line":4,"column":45}},"1":{"start":{"line":5,"column":23},"end":{"line":5,"column":27}},"2":{"start":{"line":6,"column":36},"end":{"line":6,"column":40}},"3":{"start":{"line":9,"column":26},"end":{"line":45,"column":5}},"4":{"start":{"line":46,"column":4},"end":{"line":46,"column":46}},"5":{"start":{"line":49,"column":4},"end":{"line":49,"column":35}}},"fnMap":{"0":{"name":"createQuestions","decl":{"start":{"line":8,"column":15},"end":{"line":8,"column":30}},"loc":{"start":{"line":8,"column":33},"end":{"line":47,"column":1}},"line":8},"1":{"name":"deleteQuestions","decl":{"start":{"line":48,"column":15},"end":{"line":48,"column":30}},"loc":{"start":{"line":48,"column":33},"end":{"line":50,"column":1}},"line":48}},"branchMap":{},"s":{"0":4,"1":4,"2":4,"3":54,"4":54,"5":55},"f":{"0":54,"1":55},"b":{},"_coverageSchema":"1a1c01bbd47fc00a2c39e90264f33305004495a9","hash":"6b8c22290fcfc437f33fe0595951e3561795d5e7"}
,"/Users/mark/node-work/nodejs-api/src/tests/testData/usersTestData.js": {"path":"/Users/mark/node-work/nodejs-api/src/tests/testData/usersTestData.js","statementMap":{"0":{"start":{"line":6,"column":41},"end":{"line":6,"column":45}},"1":{"start":{"line":9,"column":17},"end":{"line":9,"column":41}},"2":{"start":{"line":10,"column":23},"end":{"line":10,"column":58}},"3":{"start":{"line":11,"column":22},"end":{"line":47,"column":5}},"4":{"start":{"line":48,"column":4},"end":{"line":48,"column":38}},"5":{"start":{"line":51,"column":4},"end":{"line":51,"column":31}}},"fnMap":{"0":{"name":"createUsers","decl":{"start":{"line":8,"column":15},"end":{"line":8,"column":26}},"loc":{"start":{"line":8,"column":29},"end":{"line":49,"column":1}},"line":8},"1":{"name":"deleteUsers","decl":{"start":{"line":50,"column":15},"end":{"line":50,"column":26}},"loc":{"start":{"line":50,"column":29},"end":{"line":52,"column":1}},"line":50}},"branchMap":{},"s":{"0":5,"1":59,"2":59,"3":59,"4":59,"5":59},"f":{"0":59,"1":59},"b":{},"_coverageSchema":"1a1c01bbd47fc00a2c39e90264f33305004495a9","hash":"fe195d392556b2d5b9c30c42092733a554191854"}
}
