TN:
SF:src/app.js
FN:11,(anonymous_0)
FN:13,(anonymous_1)
FNF:2
FNH:0
FNDA:0,(anonymous_0)
FNDA:0,(anonymous_1)
DA:6,3
DA:8,3
DA:9,3
DA:10,3
DA:11,3
DA:13,3
DA:14,0
DA:17,3
LF:8
LH:7
BRF:0
BRH:0
end_of_record
TN:
SF:src/controllers/authController.js
FN:6,(anonymous_0)
FNF:1
FNH:1
FNDA:39,(anonymous_0)
DA:7,39
DA:8,39
DA:9,39
DA:10,37
DA:11,37
DA:12,0
DA:13,37
DA:17,37
LF:8
LH:7
BRDA:9,0,0,2
BRDA:9,0,1,37
BRDA:11,1,0,0
BRDA:11,1,1,37
BRF:4
BRH:3
end_of_record
TN:
SF:src/controllers/questionsController.js
FN:7,(anonymous_0)
FN:20,(anonymous_1)
FN:36,(anonymous_2)
FN:48,(anonymous_3)
FN:69,(anonymous_4)
FN:85,(anonymous_5)
FN:116,(anonymous_6)
FN:135,(anonymous_7)
FN:152,(anonymous_8)
FN:161,(anonymous_9)
FN:188,(anonymous_10)
FN:194,(anonymous_11)
FN:200,(anonymous_12)
FN:213,(anonymous_13)
FN:218,(anonymous_14)
FN:223,(anonymous_15)
FN:235,(anonymous_16)
FN:242,(anonymous_17)
FN:244,(anonymous_18)
FN:255,(anonymous_19)
FN:276,(anonymous_20)
FN:288,(anonymous_21)
FN:302,(anonymous_22)
FN:316,(anonymous_23)
FN:331,(anonymous_24)
FNF:25
FNH:19
FNDA:2,(anonymous_0)
FNDA:2,(anonymous_1)
FNDA:1,(anonymous_2)
FNDA:1,(anonymous_3)
FNDA:1,(anonymous_4)
FNDA:2,(anonymous_5)
FNDA:2,(anonymous_6)
FNDA:1,(anonymous_7)
FNDA:1,(anonymous_8)
FNDA:4,(anonymous_9)
FNDA:2,(anonymous_10)
FNDA:3,(anonymous_11)
FNDA:4,(anonymous_12)
FNDA:2,(anonymous_13)
FNDA:1,(anonymous_14)
FNDA:0,(anonymous_15)
FNDA:2,(anonymous_16)
FNDA:2,(anonymous_17)
FNDA:1,(anonymous_18)
FNDA:4,(anonymous_19)
FNDA:0,(anonymous_20)
FNDA:0,(anonymous_21)
FNDA:0,(anonymous_22)
FNDA:0,(anonymous_23)
FNDA:0,(anonymous_24)
DA:8,2
DA:9,2
DA:10,2
DA:11,0
DA:14,2
DA:16,0
DA:21,2
DA:22,2
DA:23,2
DA:28,2
DA:29,1
DA:30,1
DA:32,0
DA:37,1
DA:38,1
DA:39,1
DA:40,1
DA:44,0
DA:49,1
DA:50,1
DA:63,1
DA:65,0
DA:70,1
DA:71,1
DA:73,1
DA:74,1
DA:79,1
DA:81,0
DA:86,2
DA:87,2
DA:88,2
DA:91,2
DA:92,0
DA:94,2
DA:95,2
DA:96,1
DA:97,1
DA:98,1
DA:110,1
DA:112,0
DA:117,2
DA:121,2
DA:122,1
DA:123,1
DA:124,1
DA:127,1
DA:131,0
DA:136,1
DA:137,1
DA:138,1
DA:139,1
DA:144,1
DA:148,0
DA:153,1
DA:154,1
DA:155,1
DA:157,0
DA:162,4
DA:163,4
DA:164,1
DA:165,3
DA:166,3
DA:167,1
DA:168,2
DA:169,1
DA:170,1
DA:171,1
DA:182,1
DA:184,0
DA:189,2
DA:190,2
DA:191,2
DA:192,2
DA:193,2
DA:194,3
DA:196,2
DA:197,0
DA:199,2
DA:200,4
DA:203,2
DA:204,2
DA:205,2
DA:206,2
DA:207,2
DA:209,0
DA:214,2
DA:215,2
DA:216,1
DA:217,1
DA:218,1
DA:220,1
DA:221,1
DA:223,0
DA:224,0
DA:225,0
DA:226,0
DA:227,0
DA:228,0
DA:229,0
DA:231,0
DA:236,2
DA:237,2
DA:238,1
DA:239,1
DA:240,1
DA:241,1
DA:242,2
DA:244,1
DA:245,1
DA:246,1
DA:247,1
DA:248,1
DA:249,1
DA:251,0
DA:256,4
DA:257,4
DA:258,1
DA:259,3
DA:260,3
DA:261,1
DA:262,2
DA:263,1
DA:264,1
DA:265,1
DA:268,1
DA:272,0
DA:277,0
DA:278,0
DA:279,0
DA:280,0
DA:282,0
DA:289,0
DA:290,0
DA:291,0
DA:292,0
DA:296,0
DA:303,0
DA:304,0
DA:310,0
DA:312,0
DA:317,0
DA:318,0
DA:325,0
DA:327,0
DA:332,0
DA:333,0
DA:336,0
DA:337,0
DA:341,0
DA:344,0
DA:348,0
LF:151
LH:102
BRDA:10,0,0,0
BRDA:10,0,1,2
BRDA:28,1,0,1
BRDA:28,1,1,1
BRDA:91,2,0,0
BRDA:91,2,1,2
BRDA:95,3,0,1
BRDA:95,3,1,1
BRDA:121,4,0,1
BRDA:121,4,1,1
BRDA:163,5,0,1
BRDA:163,5,1,3
BRDA:166,6,0,1
BRDA:166,6,1,2
BRDA:168,7,0,1
BRDA:168,7,1,1
BRDA:196,8,0,0
BRDA:196,8,1,2
BRDA:204,9,0,0
BRDA:204,9,1,2
BRDA:220,10,0,1
BRDA:220,10,1,0
BRDA:226,11,0,0
BRDA:226,11,1,0
BRDA:237,12,0,1
BRDA:237,12,1,1
BRDA:257,13,0,1
BRDA:257,13,1,3
BRDA:260,14,0,1
BRDA:260,14,1,2
BRDA:262,15,0,1
BRDA:262,15,1,1
BRDA:336,16,0,0
BRDA:336,16,1,0
BRF:34
BRH:25
end_of_record
TN:
SF:src/controllers/usersController.js
FN:14,(anonymous_0)
FN:53,(anonymous_1)
FN:73,(anonymous_2)
FNF:3
FNH:1
FNDA:3,(anonymous_0)
FNDA:0,(anonymous_1)
FNDA:0,(anonymous_2)
DA:15,3
DA:17,3
DA:18,3
DA:19,1
DA:21,2
DA:22,2
DA:23,1
DA:25,1
DA:26,1
DA:28,1
DA:29,1
DA:35,1
DA:43,0
DA:54,0
DA:55,0
DA:56,0
DA:57,0
DA:58,0
DA:59,0
DA:64,0
DA:65,0
DA:69,0
DA:74,0
DA:75,0
DA:76,0
DA:78,0
LF:26
LH:12
BRDA:18,0,0,1
BRDA:18,0,1,2
BRDA:22,1,0,1
BRDA:22,1,1,1
BRDA:56,2,0,0
BRDA:56,2,1,0
BRDA:58,3,0,0
BRDA:58,3,1,0
BRF:8
BRH:4
end_of_record
TN:
SF:src/db/database.js
FN:5,connect
FN:9,(anonymous_1)
FN:12,(anonymous_2)
FNF:3
FNH:2
FNDA:3,connect
FNDA:3,(anonymous_1)
FNDA:0,(anonymous_2)
DA:3,3
DA:7,3
DA:10,3
DA:13,0
DA:14,0
DA:15,0
LF:6
LH:3
BRF:0
BRH:0
end_of_record
TN:
SF:src/middleware/verfiyToken.js
FN:4,(anonymous_0)
FNF:1
FNH:1
FNDA:28,(anonymous_0)
DA:5,28
DA:6,28
DA:8,20
DA:9,20
DA:10,20
DA:11,20
DA:13,0
LF:7
LH:6
BRDA:6,0,0,8
BRDA:6,0,1,20
BRF:2
BRH:2
end_of_record
TN:
SF:src/models/Answers.js
FNF:0
FNH:0
LF:0
LH:0
BRF:0
BRH:0
end_of_record
TN:
SF:src/models/Comments.js
FNF:0
FNH:0
LF:0
LH:0
BRF:0
BRH:0
end_of_record
TN:
SF:src/models/Questions.js
FNF:0
FNH:0
LF:0
LH:0
BRF:0
BRH:0
end_of_record
TN:
SF:src/models/Users.js
FNF:0
FNH:0
LF:0
LH:0
BRF:0
BRH:0
end_of_record
TN:
SF:src/models/schemas/answersSchema.js
FNF:0
FNH:0
DA:3,3
LF:1
LH:1
BRF:0
BRH:0
end_of_record
TN:
SF:src/models/schemas/commentsSchema.js
FNF:0
FNH:0
DA:3,3
LF:1
LH:1
BRF:0
BRH:0
end_of_record
TN:
SF:src/models/schemas/questionsSchema.js
FNF:0
FNH:0
DA:3,3
DA:11,3
LF:2
LH:2
BRF:0
BRH:0
end_of_record
TN:
SF:src/models/schemas/usersSchema.js
FNF:0
FNH:0
DA:3,3
LF:1
LH:1
BRF:0
BRH:0
end_of_record
TN:
SF:src/routes/index.js
FNF:0
FNH:0
DA:4,3
DA:6,3
LF:2
LH:2
BRF:0
BRH:0
end_of_record
TN:
SF:src/routes/api-v1/auth.js
FNF:0
FNH:0
DA:5,3
DA:7,3
LF:2
LH:2
BRF:0
BRH:0
end_of_record
TN:
SF:src/routes/api-v1/index.js
FNF:0
FNH:0
DA:6,3
DA:8,3
DA:9,3
DA:10,3
LF:4
LH:4
BRF:0
BRH:0
end_of_record
TN:
SF:src/routes/api-v1/questions.js
FNF:0
FNH:0
DA:6,3
DA:8,3
DA:9,3
DA:10,3
DA:11,3
DA:12,3
DA:23,3
DA:36,3
DA:38,3
DA:49,3
DA:51,3
DA:62,3
DA:64,3
DA:70,3
DA:72,3
DA:78,3
DA:80,3
DA:91,3
DA:93,3
DA:104,3
LF:20
LH:20
BRF:0
BRH:0
end_of_record
TN:
SF:src/routes/api-v1/users.js
FN:32,(anonymous_0)
FNF:1
FNH:0
FNDA:0,(anonymous_0)
DA:6,3
DA:10,3
DA:26,3
DA:32,3
DA:38,3
LF:5
LH:5
BRF:0
BRH:0
end_of_record
TN:
SF:src/tests/testData/answersTestData.js
FN:8,createAnswers
FN:77,deleteAnswers
FNF:2
FNH:2
FNDA:36,createAnswers
FNDA:36,deleteAnswers
DA:4,2
DA:5,2
DA:6,2
DA:9,36
DA:75,36
DA:78,36
LF:6
LH:6
BRF:0
BRH:0
end_of_record
TN:
SF:src/tests/testData/dataIds.js
FNF:0
FNH:0
DA:3,3
DA:4,3
DA:5,3
DA:6,3
DA:7,3
DA:8,3
DA:10,3
DA:11,3
DA:12,3
DA:13,3
DA:14,3
DA:16,3
DA:17,3
DA:18,3
DA:19,3
DA:20,3
DA:21,3
DA:22,3
DA:23,3
DA:24,3
DA:26,3
DA:27,3
DA:28,3
DA:29,3
DA:30,3
DA:31,3
DA:32,3
DA:33,3
DA:34,3
DA:35,3
DA:36,3
DA:37,3
DA:38,3
DA:40,3
DA:41,3
DA:42,3
DA:43,3
LF:37
LH:37
BRF:0
BRH:0
end_of_record
TN:
SF:src/tests/testData/questionsTestData.js
FN:8,createQuestions
FN:48,deleteQuestions
FNF:2
FNH:2
FNDA:36,createQuestions
FNDA:37,deleteQuestions
DA:4,2
DA:5,2
DA:6,2
DA:9,36
DA:46,36
DA:49,37
LF:6
LH:6
BRF:0
BRH:0
end_of_record
TN:
SF:src/tests/testData/usersTestData.js
FN:8,createUsers
FN:50,deleteUsers
FNF:2
FNH:2
FNDA:39,createUsers
FNDA:39,deleteUsers
DA:6,3
DA:9,39
DA:10,39
DA:11,39
DA:48,39
DA:51,39
LF:6
LH:6
BRF:0
BRH:0
end_of_record
