TN:
SF:src/app.js
FN:11,(anonymous_0)
FN:14,(anonymous_1)
FNF:2
FNH:1
FNDA:0,(anonymous_0)
FNDA:5,(anonymous_1)
DA:6,6
DA:8,6
DA:9,6
DA:10,6
DA:11,6
DA:12,0
DA:14,6
DA:16,6
LF:8
LH:7
BRF:0
BRH:0
end_of_record
TN:
SF:src/controllers/authController.js
FN:6,(anonymous_0)
FNF:1
FNH:1
FNDA:57,(anonymous_0)
DA:7,57
DA:8,57
DA:9,57
DA:10,56
DA:11,56
DA:12,1
DA:13,55
DA:17,55
LF:8
LH:8
BRDA:9,0,0,1
BRDA:9,0,1,56
BRDA:11,1,0,1
BRDA:11,1,1,55
BRF:4
BRH:4
end_of_record
TN:
SF:src/controllers/questionsController.js
FN:7,(anonymous_0)
FN:20,(anonymous_1)
FN:36,(anonymous_2)
FN:48,(anonymous_3)
FN:69,(anonymous_4)
FN:85,(anonymous_5)
FN:116,(anonymous_6)
FN:135,(anonymous_7)
FN:152,(anonymous_8)
FN:161,(anonymous_9)
FN:188,(anonymous_10)
FN:194,(anonymous_11)
FN:200,(anonymous_12)
FN:213,(anonymous_13)
FN:218,(anonymous_14)
FN:223,(anonymous_15)
FN:235,(anonymous_16)
FN:242,(anonymous_17)
FN:244,(anonymous_18)
FN:255,(anonymous_19)
FN:276,(anonymous_20)
FN:294,(anonymous_21)
FN:317,(anonymous_22)
FN:331,(anonymous_23)
FN:352,(anonymous_24)
FNF:25
FNH:25
FNDA:2,(anonymous_0)
FNDA:2,(anonymous_1)
FNDA:1,(anonymous_2)
FNDA:1,(anonymous_3)
FNDA:1,(anonymous_4)
FNDA:2,(anonymous_5)
FNDA:2,(anonymous_6)
FNDA:1,(anonymous_7)
FNDA:1,(anonymous_8)
FNDA:4,(anonymous_9)
FNDA:2,(anonymous_10)
FNDA:3,(anonymous_11)
FNDA:2,(anonymous_12)
FNDA:2,(anonymous_13)
FNDA:3,(anonymous_14)
FNDA:1,(anonymous_15)
FNDA:2,(anonymous_16)
FNDA:2,(anonymous_17)
FNDA:1,(anonymous_18)
FNDA:4,(anonymous_19)
FNDA:3,(anonymous_20)
FNDA:3,(anonymous_21)
FNDA:1,(anonymous_22)
FNDA:2,(anonymous_23)
FNDA:2,(anonymous_24)
DA:8,2
DA:9,2
DA:10,2
DA:11,1
DA:14,1
DA:16,0
DA:21,2
DA:22,2
DA:23,2
DA:28,2
DA:29,1
DA:30,1
DA:32,0
DA:37,1
DA:38,1
DA:39,1
DA:40,1
DA:44,0
DA:49,1
DA:50,1
DA:63,1
DA:65,0
DA:70,1
DA:71,1
DA:73,1
DA:74,1
DA:79,1
DA:81,0
DA:86,2
DA:87,2
DA:88,2
DA:91,2
DA:92,0
DA:94,2
DA:95,2
DA:96,1
DA:97,1
DA:98,1
DA:110,1
DA:112,0
DA:117,2
DA:121,2
DA:122,1
DA:123,1
DA:124,1
DA:127,1
DA:131,0
DA:136,1
DA:137,1
DA:138,1
DA:139,1
DA:144,1
DA:148,0
DA:153,1
DA:154,1
DA:155,1
DA:157,0
DA:162,4
DA:163,4
DA:164,1
DA:165,3
DA:166,3
DA:167,1
DA:168,2
DA:169,1
DA:170,1
DA:171,1
DA:182,1
DA:184,0
DA:189,2
DA:190,2
DA:191,2
DA:192,2
DA:193,2
DA:194,3
DA:196,2
DA:197,1
DA:199,1
DA:200,2
DA:203,1
DA:204,1
DA:205,1
DA:206,1
DA:207,1
DA:209,0
DA:214,2
DA:215,2
DA:216,2
DA:217,2
DA:218,3
DA:220,2
DA:221,1
DA:223,1
DA:224,1
DA:225,1
DA:226,1
DA:227,1
DA:228,1
DA:229,1
DA:231,0
DA:236,2
DA:237,2
DA:238,1
DA:239,1
DA:240,1
DA:241,1
DA:242,2
DA:244,1
DA:245,1
DA:246,1
DA:247,1
DA:248,1
DA:249,1
DA:251,0
DA:256,4
DA:257,4
DA:258,1
DA:259,3
DA:260,3
DA:261,1
DA:262,2
DA:263,1
DA:264,1
DA:265,1
DA:268,1
DA:272,0
DA:277,3
DA:278,3
DA:279,3
DA:280,1
DA:283,2
DA:284,2
DA:285,1
DA:288,1
DA:290,0
DA:295,3
DA:296,3
DA:297,3
DA:298,1
DA:302,2
DA:303,2
DA:304,1
DA:307,1
DA:311,0
DA:318,1
DA:319,1
DA:325,1
DA:327,0
DA:332,2
DA:333,2
DA:334,2
DA:335,1
DA:339,1
DA:346,1
DA:348,0
DA:353,2
DA:354,2
DA:355,0
DA:356,2
DA:357,1
DA:358,1
DA:359,1
DA:362,1
DA:366,0
LF:164
LH:143
BRDA:10,0,0,1
BRDA:10,0,1,1
BRDA:28,1,0,1
BRDA:28,1,1,1
BRDA:91,2,0,0
BRDA:91,2,1,2
BRDA:95,3,0,1
BRDA:95,3,1,1
BRDA:121,4,0,1
BRDA:121,4,1,1
BRDA:163,5,0,1
BRDA:163,5,1,3
BRDA:166,6,0,1
BRDA:166,6,1,2
BRDA:168,7,0,1
BRDA:168,7,1,1
BRDA:196,8,0,1
BRDA:196,8,1,1
BRDA:204,9,0,0
BRDA:204,9,1,1
BRDA:220,10,0,1
BRDA:220,10,1,1
BRDA:226,11,0,1
BRDA:226,11,1,0
BRDA:237,12,0,1
BRDA:237,12,1,1
BRDA:257,13,0,1
BRDA:257,13,1,3
BRDA:260,14,0,1
BRDA:260,14,1,2
BRDA:262,15,0,1
BRDA:262,15,1,1
BRDA:279,16,0,1
BRDA:279,16,1,2
BRDA:284,17,0,1
BRDA:284,17,1,1
BRDA:297,18,0,1
BRDA:297,18,1,2
BRDA:303,19,0,1
BRDA:303,19,1,1
BRDA:334,20,0,1
BRDA:334,20,1,1
BRDA:354,21,0,0
BRDA:354,21,1,2
BRDA:356,22,0,1
BRDA:356,22,1,1
BRF:46
BRH:42
end_of_record
TN:
SF:src/controllers/usersController.js
FN:14,(anonymous_0)
FN:54,(anonymous_1)
FNF:2
FNH:2
FNDA:3,(anonymous_0)
FNDA:1,(anonymous_1)
DA:15,3
DA:17,3
DA:18,3
DA:19,1
DA:21,2
DA:22,2
DA:23,1
DA:25,1
DA:26,1
DA:28,1
DA:29,1
DA:35,1
DA:43,0
DA:55,1
DA:56,1
DA:57,1
DA:59,0
LF:17
LH:15
BRDA:18,0,0,1
BRDA:18,0,1,2
BRDA:22,1,0,1
BRDA:22,1,1,1
BRF:4
BRH:4
end_of_record
TN:
SF:src/db/database.js
FN:5,connect
FN:9,(anonymous_1)
FN:12,(anonymous_2)
FNF:3
FNH:2
FNDA:6,connect
FNDA:6,(anonymous_1)
FNDA:0,(anonymous_2)
DA:3,6
DA:7,6
DA:10,6
DA:13,0
DA:14,0
DA:15,0
LF:6
LH:3
BRF:0
BRH:0
end_of_record
TN:
SF:src/middleware/verfiyToken.js
FN:4,(anonymous_0)
FNF:1
FNH:1
FNDA:36,(anonymous_0)
DA:5,36
DA:6,36
DA:8,25
DA:9,25
DA:10,25
DA:11,25
DA:13,0
LF:7
LH:6
BRDA:6,0,0,11
BRDA:6,0,1,25
BRF:2
BRH:2
end_of_record
TN:
SF:src/models/Answers.js
FNF:0
FNH:0
LF:0
LH:0
BRF:0
BRH:0
end_of_record
TN:
SF:src/models/Comments.js
FNF:0
FNH:0
LF:0
LH:0
BRF:0
BRH:0
end_of_record
TN:
SF:src/models/Questions.js
FNF:0
FNH:0
LF:0
LH:0
BRF:0
BRH:0
end_of_record
TN:
SF:src/models/Users.js
FNF:0
FNH:0
LF:0
LH:0
BRF:0
BRH:0
end_of_record
TN:
SF:src/models/schemas/answersSchema.js
FNF:0
FNH:0
DA:3,6
LF:1
LH:1
BRF:0
BRH:0
end_of_record
TN:
SF:src/models/schemas/commentsSchema.js
FNF:0
FNH:0
DA:3,6
LF:1
LH:1
BRF:0
BRH:0
end_of_record
TN:
SF:src/models/schemas/questionsSchema.js
FNF:0
FNH:0
DA:3,6
DA:11,6
LF:2
LH:2
BRF:0
BRH:0
end_of_record
TN:
SF:src/models/schemas/usersSchema.js
FNF:0
FNH:0
DA:3,6
LF:1
LH:1
BRF:0
BRH:0
end_of_record
TN:
SF:src/routes/index.js
FNF:0
FNH:0
DA:4,6
DA:6,6
LF:2
LH:2
BRF:0
BRH:0
end_of_record
TN:
SF:src/routes/api-v1/auth.js
FNF:0
FNH:0
DA:5,6
DA:7,6
LF:2
LH:2
BRF:0
BRH:0
end_of_record
TN:
SF:src/routes/api-v1/index.js
FNF:0
FNH:0
DA:6,6
DA:8,6
DA:9,6
DA:10,6
LF:4
LH:4
BRF:0
BRH:0
end_of_record
TN:
SF:src/routes/api-v1/questions.js
FNF:0
FNH:0
DA:6,6
DA:8,6
DA:9,6
DA:10,6
DA:11,6
DA:12,6
DA:23,6
DA:36,6
DA:38,6
DA:49,6
DA:51,6
DA:62,6
DA:64,6
DA:70,6
DA:72,6
DA:78,6
DA:80,6
DA:91,6
DA:93,6
DA:104,6
LF:20
LH:20
BRF:0
BRH:0
end_of_record
TN:
SF:src/routes/api-v1/users.js
FNF:0
FNH:0
DA:5,6
DA:9,6
DA:29,6
LF:3
LH:3
BRF:0
BRH:0
end_of_record
TN:
SF:src/tests/testData/answersTestData.js
FN:8,createAnswers
FN:77,deleteAnswers
FNF:2
FNH:2
FNDA:50,createAnswers
FNDA:50,deleteAnswers
DA:4,4
DA:5,4
DA:6,4
DA:9,50
DA:75,50
DA:78,50
LF:6
LH:6
BRF:0
BRH:0
end_of_record
TN:
SF:src/tests/testData/commentsTestData.js
FN:22,createComments
FN:105,deleteComments
FNF:2
FNH:2
FNDA:14,createComments
FNDA:14,deleteComments
DA:4,2
DA:5,2
DA:21,2
DA:23,14
DA:103,14
DA:106,14
LF:6
LH:6
BRF:0
BRH:0
end_of_record
TN:
SF:src/tests/testData/dataIds.js
FNF:0
FNH:0
DA:3,5
DA:4,5
DA:5,5
DA:6,5
DA:7,5
DA:8,5
DA:10,5
DA:11,5
DA:12,5
DA:13,5
DA:14,5
DA:16,5
DA:17,5
DA:18,5
DA:19,5
DA:20,5
DA:21,5
DA:22,5
DA:23,5
DA:24,5
DA:26,5
DA:27,5
DA:28,5
DA:29,5
DA:30,5
DA:31,5
DA:32,5
DA:33,5
DA:34,5
DA:35,5
DA:36,5
DA:37,5
DA:38,5
DA:39,5
DA:41,5
DA:42,5
DA:43,5
DA:44,5
LF:38
LH:38
BRF:0
BRH:0
end_of_record
TN:
SF:src/tests/testData/questionsTestData.js
FN:8,createQuestions
FN:48,deleteQuestions
FNF:2
FNH:2
FNDA:54,createQuestions
FNDA:55,deleteQuestions
DA:4,4
DA:5,4
DA:6,4
DA:9,54
DA:46,54
DA:49,55
LF:6
LH:6
BRF:0
BRH:0
end_of_record
TN:
SF:src/tests/testData/usersTestData.js
FN:8,createUsers
FN:50,deleteUsers
FNF:2
FNH:2
FNDA:59,createUsers
FNDA:59,deleteUsers
DA:6,5
DA:9,59
DA:10,59
DA:11,59
DA:48,59
DA:51,59
LF:6
LH:6
BRF:0
BRH:0
end_of_record
